<?xml version="1.0" encoding="UTF-8"?>
<testsuite name="sample.SampleTestsAndroid" tests="1" skipped="0" failures="0" errors="0" timestamp="2020-03-13T08:50:49" hostname="friday" time="0.05">
  <properties/>
  <testcase name="testHello" classname="sample.SampleTestsAndroid" time="0.05"/>
  <system-out><![CDATA[]]></system-out>
  <system-err><![CDATA[]]></system-err>
</testsuite>
