<?xml version="1.0" encoding="UTF-8"?>
<testsuite name="sample.SampleTests" tests="2" skipped="0" failures="0" errors="0" timestamp="2020-03-13T08:50:50" hostname="friday" time="0.002">
  <properties/>
  <testcase name="testProxy" classname="sample.SampleTests" time="0.001"/>
  <testcase name="testMe" classname="sample.SampleTests" time="0.001"/>
  <system-out><![CDATA[]]></system-out>
  <system-err><![CDATA[]]></system-err>
</testsuite>
